[debug] [2024-11-08T09:44:28.198Z] ----------------------------------------------------------------------
[debug] [2024-11-08T09:44:28.201Z] Command:       C:\Program Files\nodejs\node.exe C:\Users\RC A\AppData\Roaming\npm\node_modules\firebase-tools\lib\bin\firebase.js init
[debug] [2024-11-08T09:44:28.201Z] CLI Version:   13.24.2
[debug] [2024-11-08T09:44:28.202Z] Platform:      win32
[debug] [2024-11-08T09:44:28.202Z] Node Version:  v20.17.0
[debug] [2024-11-08T09:44:28.202Z] Time:          Fri Nov 08 2024 14:44:28 GMT+0500 (Pakistan Standard Time)
[debug] [2024-11-08T09:44:28.202Z] ----------------------------------------------------------------------
[debug] 
[debug] [2024-11-08T09:44:28.212Z] > command requires scopes: ["email","openid","https://www.googleapis.com/auth/cloudplatformprojects.readonly","https://www.googleapis.com/auth/firebase","https://www.googleapis.com/auth/cloud-platform"]
[debug] [2024-11-08T09:44:28.212Z] > authorizing via signed-in user (abdullahr797@gmail.com)
[info] 
     ######## #### ########  ######## ########     ###     ######  ########
     ##        ##  ##     ## ##       ##     ##  ##   ##  ##       ##
     ######    ##  ########  ######   ########  #########  ######  ######
     ##        ##  ##    ##  ##       ##     ## ##     ##       ## ##
     ##       #### ##     ## ######## ########  ##     ##  ######  ########

You're about to initialize a Firebase project in this directory:

  C:\Users\RC A\Desktop\sass

[info] 
=== Project Setup
[info] 
[info] First, let's associate this project directory with a Firebase project.
[info] You can create multiple project aliases by running firebase use --add, 
[info] but for now we'll just set up a default project.
[info] 
[info] i  If you want to create a project in a Google Cloud organization or folder, please use "firebase projects:create" instead, and return to this command when you've created the project. 
[debug] [2024-11-08T09:45:28.466Z] Checked if tokens are valid: true, expires at: 1731062595388
[debug] [2024-11-08T09:45:28.466Z] Checked if tokens are valid: true, expires at: 1731062595388
[debug] [2024-11-08T09:45:28.468Z] >>> [apiv2][query] POST https://cloudresourcemanager.googleapis.com/v1/projects [none]
[debug] [2024-11-08T09:45:28.468Z] >>> [apiv2][body] POST https://cloudresourcemanager.googleapis.com/v1/projects {"projectId":"temp1","name":"temp1"}
[debug] [2024-11-08T09:45:30.054Z] <<< [apiv2][status] POST https://cloudresourcemanager.googleapis.com/v1/projects 400
[debug] [2024-11-08T09:45:30.055Z] <<< [apiv2][body] POST https://cloudresourcemanager.googleapis.com/v1/projects {"error":{"code":400,"message":"field [project_id] has issue [project_id must be at least 6 characters long]","status":"INVALID_ARGUMENT","details":[{"@type":"type.googleapis.com/google.rpc.BadRequest","fieldViolations":[{"field":"project_id","description":"project_id must be at least 6 characters long"}]},{"@type":"type.googleapis.com/google.rpc.Help","links":[{"url":"https://cloud.google.com/resource-manager/reference/rest/v1/projects"}]}]}}
[debug] [2024-11-08T09:45:30.452Z] FirebaseError: Request to https://cloudresourcemanager.googleapis.com/v1/projects had HTTP Error: 400, field [project_id] has issue [project_id must be at least 6 characters long]
    at responseToError (C:\Users\RC A\AppData\Roaming\npm\node_modules\firebase-tools\lib\responseToError.js:52:12)
    at RetryOperation._fn (C:\Users\RC A\AppData\Roaming\npm\node_modules\firebase-tools\lib\apiv2.js:312:77)
    at process.processTicksAndRejections (node:internal/process/task_queues:95:5)
[error] 
[error] Error: Failed to create project. See firebase-debug.log for more info.
